<?xml version="1.0" encoding="UTF-8"?>
<testsuite xmlns:xsi="http://www.w3.org/2001/XMLSchema-instance" xsi:noNamespaceSchemaLocation="https://maven.apache.org/surefire/maven-surefire-plugin/xsd/surefire-test-report-3.0.xsd" version="3.0" name="demo.servlet.ByPathServletTest" time="0.015" tests="1" errors="0" skipped="0" failures="0">
  <properties>
    <property name="sun.desktop" value="windows"/>
    <property name="awt.toolkit" value="sun.awt.windows.WToolkit"/>
    <property name="java.specification.version" value="11"/>
    <property name="sun.cpu.isalist" value="amd64"/>
    <property name="sun.jnu.encoding" value="Cp1252"/>
    <property name="java.class.path" value="C:\Users\chia-ju.lin\IdeaProjects\demo\core\target\test-classes;C:\Users\chia-ju.lin\IdeaProjects\demo\core\target\classes;C:\Users\chia-ju.lin\.m2\repository\org\osgi\osgi.core\7.0.0\osgi.core-7.0.0.jar;C:\Users\chia-ju.lin\.m2\repository\org\osgi\osgi.annotation\7.0.0\osgi.annotation-7.0.0.jar;C:\Users\chia-ju.lin\.m2\repository\org\osgi\org.osgi.service.component.annotations\1.4.0\org.osgi.service.component.annotations-1.4.0.jar;C:\Users\chia-ju.lin\.m2\repository\org\osgi\org.osgi.service.metatype.annotations\1.4.0\org.osgi.service.metatype.annotations-1.4.0.jar;C:\Users\chia-ju.lin\.m2\repository\org\osgi\org.osgi.compendium\5.0.0\org.osgi.compendium-5.0.0.jar;C:\Users\chia-ju.lin\.m2\repository\javax\servlet\javax.servlet-api\3.1.0\javax.servlet-api-3.1.0.jar;C:\Users\chia-ju.lin\.m2\repository\javax\jcr\jcr\2.0\jcr-2.0.jar;C:\Users\chia-ju.lin\.m2\repository\org\apache\sling\org.apache.sling.api\2.22.0\org.apache.sling.api-2.22.0.jar;C:\Users\chia-ju.lin\.m2\repository\org\jetbrains\annotations\19.0.0\annotations-19.0.0.jar;C:\Users\chia-ju.lin\.m2\repository\org\apache\sling\org.apache.sling.models.api\1.3.8\org.apache.sling.models.api-1.3.8.jar;C:\Users\chia-ju.lin\.m2\repository\org\apache\jackrabbit\jackrabbit-api\2.19.3\jackrabbit-api-2.19.3.jar;C:\Users\chia-ju.lin\.m2\repository\org\slf4j\slf4j-api\1.7.25\slf4j-api-1.7.25.jar;C:\Users\chia-ju.lin\.m2\repository\org\apache\commons\commons-lang3\3.9\commons-lang3-3.9.jar;C:\Users\chia-ju.lin\.m2\repository\junit\junit\4.12\junit-4.12.jar;C:\Users\chia-ju.lin\.m2\repository\org\hamcrest\hamcrest-core\1.3\hamcrest-core-1.3.jar;C:\Users\chia-ju.lin\.m2\repository\org\apache\sling\org.apache.sling.servlets.annotations\1.2.4\org.apache.sling.servlets.annotations-1.2.4.jar;"/>
    <property name="java.vm.vendor" value="Oracle Corporation"/>
    <property name="sun.arch.data.model" value="64"/>
    <property name="user.variant" value=""/>
    <property name="java.vendor.url" value="http://java.oracle.com/"/>
    <property name="user.timezone" value="Europe/Berlin"/>
    <property name="java.vm.specification.version" value="11"/>
    <property name="os.name" value="Windows 10"/>
    <property name="sun.java.launcher" value="SUN_STANDARD"/>
    <property name="user.country" value="US"/>
    <property name="sun.boot.library.path" value="C:\Program Files\java\jdk-11\bin"/>
    <property name="sun.java.command" value="C:\Users\chia-ju.lin\AppData\Local\Temp\surefire10341266373284998098\surefirebooter15989570243924678271.jar C:\Users\chia-ju.lin\AppData\Local\Temp\surefire10341266373284998098 2024-04-08T10-44-49_357-jvmRun1 surefire13798806411651343062tmp surefire_016359329642389656694tmp"/>
    <property name="jdk.debug" value="release"/>
    <property name="surefire.test.class.path" value="C:\Users\chia-ju.lin\IdeaProjects\demo\core\target\test-classes;C:\Users\chia-ju.lin\IdeaProjects\demo\core\target\classes;C:\Users\chia-ju.lin\.m2\repository\org\osgi\osgi.core\7.0.0\osgi.core-7.0.0.jar;C:\Users\chia-ju.lin\.m2\repository\org\osgi\osgi.annotation\7.0.0\osgi.annotation-7.0.0.jar;C:\Users\chia-ju.lin\.m2\repository\org\osgi\org.osgi.service.component.annotations\1.4.0\org.osgi.service.component.annotations-1.4.0.jar;C:\Users\chia-ju.lin\.m2\repository\org\osgi\org.osgi.service.metatype.annotations\1.4.0\org.osgi.service.metatype.annotations-1.4.0.jar;C:\Users\chia-ju.lin\.m2\repository\org\osgi\org.osgi.compendium\5.0.0\org.osgi.compendium-5.0.0.jar;C:\Users\chia-ju.lin\.m2\repository\javax\servlet\javax.servlet-api\3.1.0\javax.servlet-api-3.1.0.jar;C:\Users\chia-ju.lin\.m2\repository\javax\jcr\jcr\2.0\jcr-2.0.jar;C:\Users\chia-ju.lin\.m2\repository\org\apache\sling\org.apache.sling.api\2.22.0\org.apache.sling.api-2.22.0.jar;C:\Users\chia-ju.lin\.m2\repository\org\jetbrains\annotations\19.0.0\annotations-19.0.0.jar;C:\Users\chia-ju.lin\.m2\repository\org\apache\sling\org.apache.sling.models.api\1.3.8\org.apache.sling.models.api-1.3.8.jar;C:\Users\chia-ju.lin\.m2\repository\org\apache\jackrabbit\jackrabbit-api\2.19.3\jackrabbit-api-2.19.3.jar;C:\Users\chia-ju.lin\.m2\repository\org\slf4j\slf4j-api\1.7.25\slf4j-api-1.7.25.jar;C:\Users\chia-ju.lin\.m2\repository\org\apache\commons\commons-lang3\3.9\commons-lang3-3.9.jar;C:\Users\chia-ju.lin\.m2\repository\junit\junit\4.12\junit-4.12.jar;C:\Users\chia-ju.lin\.m2\repository\org\hamcrest\hamcrest-core\1.3\hamcrest-core-1.3.jar;C:\Users\chia-ju.lin\.m2\repository\org\apache\sling\org.apache.sling.servlets.annotations\1.2.4\org.apache.sling.servlets.annotations-1.2.4.jar;"/>
    <property name="sun.cpu.endian" value="little"/>
    <property name="user.home" value="C:\Users\chia-ju.lin"/>
    <property name="user.language" value="en"/>
    <property name="java.specification.vendor" value="Oracle Corporation"/>
    <property name="java.version.date" value="2018-09-25"/>
    <property name="java.home" value="C:\Program Files\java\jdk-11"/>
    <property name="file.separator" value="\"/>
    <property name="basedir" value="C:\Users\chia-ju.lin\IdeaProjects\demo\core"/>
    <property name="java.vm.compressedOopsMode" value="Zero based"/>
    <property name="line.separator" value="&#10;"/>
    <property name="java.specification.name" value="Java Platform API Specification"/>
    <property name="java.vm.specification.vendor" value="Oracle Corporation"/>
    <property name="java.awt.graphicsenv" value="sun.awt.Win32GraphicsEnvironment"/>
    <property name="surefire.real.class.path" value="C:\Users\chia-ju.lin\AppData\Local\Temp\surefire10341266373284998098\surefirebooter15989570243924678271.jar"/>
    <property name="user.script" value=""/>
    <property name="sun.management.compiler" value="HotSpot 64-Bit Tiered Compilers"/>
    <property name="java.runtime.version" value="11+28"/>
    <property name="user.name" value="chia-ju.lin"/>
    <property name="path.separator" value=";"/>
    <property name="os.version" value="10.0"/>
    <property name="java.runtime.name" value="OpenJDK Runtime Environment"/>
    <property name="file.encoding" value="Cp1252"/>
    <property name="java.vm.name" value="OpenJDK 64-Bit Server VM"/>
    <property name="java.vendor.version" value="18.9"/>
    <property name="localRepository" value="C:\Users\chia-ju.lin\.m2\repository"/>
    <property name="java.vendor.url.bug" value="http://bugreport.java.com/bugreport/"/>
    <property name="java.io.tmpdir" value="C:\Users\chia-ju.lin\AppData\Local\Temp\"/>
    <property name="java.version" value="11"/>
    <property name="user.dir" value="C:\Users\chia-ju.lin\IdeaProjects\demo\core"/>
    <property name="os.arch" value="amd64"/>
    <property name="java.vm.specification.name" value="Java Virtual Machine Specification"/>
    <property name="java.awt.printerjob" value="sun.awt.windows.WPrinterJob"/>
    <property name="sun.os.patch.level" value=""/>
    <property name="java.library.path" value="C:\Program Files\java\jdk-11\bin;C:\Windows\Sun\Java\bin;C:\Windows\system32;C:\Windows;C:\Windows\system32;C:\Windows;C:\Windows\system32\Wbem;C:\Windows\System32\WindowsPowerShell\v1.0;C:\Users\chia-ju.lin\AppData\Roaming\nvm;C:\Program Files\nodejs;C:\Program Files\Docker\Docker\resources\bin;C:\Users\chia-ju.lin\AppData\Local\Programs\Microsoft VS Code\bin;C:\Program Files\sfdx\bin;C:\Program Files\java\jdk-11;C:\Program Files\Maven\apache-maven-3.9.1\bin;C:\Program Files\java\jdk-11\bin;C:\Users\chia-ju.lin\AppData\Roaming\nvm;C:\Program Files\nodejs;."/>
    <property name="java.vendor" value="Oracle Corporation"/>
    <property name="java.vm.info" value="mixed mode"/>
    <property name="java.vm.version" value="11+28"/>
    <property name="sun.io.unicode.encoding" value="UnicodeLittle"/>
    <property name="java.class.version" value="55.0"/>
  </properties>
  <testcase name="testByPathServlet" classname="demo.servlet.ByPathServletTest" time="0.001"/>
</testsuite>